1718817009.449823 client started (227051): version 3.4, socket /tmp/tmux-1000/default, protocol 8
1718817009.449879 on Linux 6.9.5-arch1-1 #1 SMP PREEMPT_DYNAMIC Sun, 16 Jun 2024 19:06:37 +0000
1718817009.449886 using libevent 2.1.12-stable poll
1718817009.449891 using ncurses 6.5 20240427
1718817009.449921 flags are 0x10010000
1718817009.449944 socket is /tmp/tmux-1000/default
1718817009.449967 trying connect
1718817009.450115 add peer 0x56ee4012dd20: 6 ((nil))
1718817009.450846 sending message 100 to peer 0x56ee4012dd20 (4 bytes)
1718817009.450865 sending message 111 to peer 0x56ee4012dd20 (8 bytes)
1718817009.450871 sending message 101 to peer 0x56ee4012dd20 (14 bytes)
1718817009.450877 sending message 109 to peer 0x56ee4012dd20 (4 bytes)
1718817009.450882 sending message 102 to peer 0x56ee4012dd20 (11 bytes)
1718817009.450888 sending message 108 to peer 0x56ee4012dd20 (31 bytes)
1718817009.450894 sending message 112 to peer 0x56ee4012dd20 (70 bytes)
1718817009.450900 sending message 112 to peer 0x56ee4012dd20 (5 bytes)
1718817009.450905 sending message 112 to peer 0x56ee4012dd20 (5 bytes)
1718817009.450911 sending message 112 to peer 0x56ee4012dd20 (6 bytes)
1718817009.450916 sending message 112 to peer 0x56ee4012dd20 (6 bytes)
1718817009.450922 sending message 112 to peer 0x56ee4012dd20 (11 bytes)
1718817009.450927 sending message 112 to peer 0x56ee4012dd20 (10 bytes)
1718817009.450933 sending message 112 to peer 0x56ee4012dd20 (13 bytes)
1718817009.450938 sending message 112 to peer 0x56ee4012dd20 (13 bytes)
1718817009.450944 sending message 112 to peer 0x56ee4012dd20 (18 bytes)
1718817009.450949 sending message 112 to peer 0x56ee4012dd20 (11 bytes)
1718817009.450955 sending message 112 to peer 0x56ee4012dd20 (10 bytes)
1718817009.450960 sending message 112 to peer 0x56ee4012dd20 (15 bytes)
1718817009.450965 sending message 112 to peer 0x56ee4012dd20 (21 bytes)
1718817009.450971 sending message 112 to peer 0x56ee4012dd20 (13 bytes)
1718817009.450976 sending message 112 to peer 0x56ee4012dd20 (7 bytes)
1718817009.450982 sending message 112 to peer 0x56ee4012dd20 (13 bytes)
1718817009.450987 sending message 112 to peer 0x56ee4012dd20 (7 bytes)
1718817009.450993 sending message 112 to peer 0x56ee4012dd20 (13 bytes)
1718817009.450998 sending message 112 to peer 0x56ee4012dd20 (9 bytes)
1718817009.451003 sending message 112 to peer 0x56ee4012dd20 (21 bytes)
1718817009.451009 sending message 112 to peer 0x56ee4012dd20 (13 bytes)
1718817009.451014 sending message 112 to peer 0x56ee4012dd20 (8 bytes)
1718817009.451020 sending message 112 to peer 0x56ee4012dd20 (12 bytes)
1718817009.451025 sending message 112 to peer 0x56ee4012dd20 (13 bytes)
1718817009.451031 sending message 112 to peer 0x56ee4012dd20 (9 bytes)
1718817009.451036 sending message 112 to peer 0x56ee4012dd20 (9 bytes)
1718817009.451041 sending message 112 to peer 0x56ee4012dd20 (12 bytes)
1718817009.451047 sending message 112 to peer 0x56ee4012dd20 (8 bytes)
1718817009.451052 sending message 112 to peer 0x56ee4012dd20 (8 bytes)
1718817009.451058 sending message 112 to peer 0x56ee4012dd20 (7 bytes)
1718817009.451063 sending message 112 to peer 0x56ee4012dd20 (7 bytes)
1718817009.451069 sending message 112 to peer 0x56ee4012dd20 (9 bytes)
1718817009.451074 sending message 112 to peer 0x56ee4012dd20 (13 bytes)
1718817009.451080 sending message 112 to peer 0x56ee4012dd20 (6 bytes)
1718817009.451085 sending message 112 to peer 0x56ee4012dd20 (9 bytes)
1718817009.451090 sending message 112 to peer 0x56ee4012dd20 (15 bytes)
1718817009.451096 sending message 112 to peer 0x56ee4012dd20 (13 bytes)
1718817009.451101 sending message 112 to peer 0x56ee4012dd20 (12 bytes)
1718817009.451107 sending message 112 to peer 0x56ee4012dd20 (8 bytes)
1718817009.451112 sending message 112 to peer 0x56ee4012dd20 (14 bytes)
1718817009.451118 sending message 112 to peer 0x56ee4012dd20 (11 bytes)
1718817009.451123 sending message 112 to peer 0x56ee4012dd20 (9 bytes)
1718817009.451129 sending message 112 to peer 0x56ee4012dd20 (10 bytes)
1718817009.451134 sending message 112 to peer 0x56ee4012dd20 (10 bytes)
1718817009.451156 sending message 112 to peer 0x56ee4012dd20 (10 bytes)
1718817009.451161 sending message 112 to peer 0x56ee4012dd20 (10 bytes)
1718817009.451167 sending message 112 to peer 0x56ee4012dd20 (11 bytes)
1718817009.451173 sending message 112 to peer 0x56ee4012dd20 (12 bytes)
1718817009.451178 sending message 112 to peer 0x56ee4012dd20 (12 bytes)
1718817009.451184 sending message 112 to peer 0x56ee4012dd20 (12 bytes)
1718817009.451189 sending message 112 to peer 0x56ee4012dd20 (12 bytes)
1718817009.451195 sending message 112 to peer 0x56ee4012dd20 (12 bytes)
1718817009.451200 sending message 112 to peer 0x56ee4012dd20 (11 bytes)
1718817009.451205 sending message 112 to peer 0x56ee4012dd20 (11 bytes)
1718817009.451211 sending message 112 to peer 0x56ee4012dd20 (12 bytes)
1718817009.451216 sending message 112 to peer 0x56ee4012dd20 (12 bytes)
1718817009.451222 sending message 112 to peer 0x56ee4012dd20 (12 bytes)
1718817009.451227 sending message 112 to peer 0x56ee4012dd20 (12 bytes)
1718817009.451233 sending message 112 to peer 0x56ee4012dd20 (12 bytes)
1718817009.451238 sending message 112 to peer 0x56ee4012dd20 (10 bytes)
1718817009.451244 sending message 112 to peer 0x56ee4012dd20 (12 bytes)
1718817009.451249 sending message 112 to peer 0x56ee4012dd20 (13 bytes)
1718817009.451255 sending message 112 to peer 0x56ee4012dd20 (13 bytes)
1718817009.451260 sending message 112 to peer 0x56ee4012dd20 (13 bytes)
1718817009.451266 sending message 112 to peer 0x56ee4012dd20 (13 bytes)
1718817009.451271 sending message 112 to peer 0x56ee4012dd20 (13 bytes)
1718817009.451277 sending message 112 to peer 0x56ee4012dd20 (8 bytes)
1718817009.451282 sending message 112 to peer 0x56ee4012dd20 (11 bytes)
1718817009.451288 sending message 112 to peer 0x56ee4012dd20 (11 bytes)
1718817009.451293 sending message 112 to peer 0x56ee4012dd20 (11 bytes)
1718817009.451299 sending message 112 to peer 0x56ee4012dd20 (12 bytes)
1718817009.451304 sending message 112 to peer 0x56ee4012dd20 (12 bytes)
1718817009.451310 sending message 112 to peer 0x56ee4012dd20 (12 bytes)
1718817009.451315 sending message 112 to peer 0x56ee4012dd20 (12 bytes)
1718817009.451321 sending message 112 to peer 0x56ee4012dd20 (13 bytes)
1718817009.451326 sending message 112 to peer 0x56ee4012dd20 (13 bytes)
1718817009.451331 sending message 112 to peer 0x56ee4012dd20 (13 bytes)
1718817009.451337 sending message 112 to peer 0x56ee4012dd20 (8 bytes)
1718817009.451343 sending message 112 to peer 0x56ee4012dd20 (13 bytes)
1718817009.451348 sending message 112 to peer 0x56ee4012dd20 (13 bytes)
1718817009.451354 sending message 112 to peer 0x56ee4012dd20 (13 bytes)
1718817009.451359 sending message 112 to peer 0x56ee4012dd20 (13 bytes)
1718817009.451365 sending message 112 to peer 0x56ee4012dd20 (13 bytes)
1718817009.451370 sending message 112 to peer 0x56ee4012dd20 (12 bytes)
1718817009.451376 sending message 112 to peer 0x56ee4012dd20 (12 bytes)
1718817009.451381 sending message 112 to peer 0x56ee4012dd20 (12 bytes)
1718817009.451387 sending message 112 to peer 0x56ee4012dd20 (12 bytes)
1718817009.451392 sending message 112 to peer 0x56ee4012dd20 (13 bytes)
1718817009.451398 sending message 112 to peer 0x56ee4012dd20 (8 bytes)
1718817009.451403 sending message 112 to peer 0x56ee4012dd20 (13 bytes)
1718817009.451409 sending message 112 to peer 0x56ee4012dd20 (13 bytes)
1718817009.451414 sending message 112 to peer 0x56ee4012dd20 (13 bytes)
1718817009.451420 sending message 112 to peer 0x56ee4012dd20 (13 bytes)
1718817009.451425 sending message 112 to peer 0x56ee4012dd20 (13 bytes)
1718817009.451431 sending message 112 to peer 0x56ee4012dd20 (13 bytes)
1718817009.451436 sending message 112 to peer 0x56ee4012dd20 (13 bytes)
1718817009.451442 sending message 112 to peer 0x56ee4012dd20 (12 bytes)
1718817009.451447 sending message 112 to peer 0x56ee4012dd20 (12 bytes)
1718817009.451452 sending message 112 to peer 0x56ee4012dd20 (12 bytes)
1718817009.451458 sending message 112 to peer 0x56ee4012dd20 (8 bytes)
1718817009.451463 sending message 112 to peer 0x56ee4012dd20 (12 bytes)
1718817009.451477 sending message 112 to peer 0x56ee4012dd20 (13 bytes)
1718817009.451483 sending message 112 to peer 0x56ee4012dd20 (13 bytes)
1718817009.451489 sending message 112 to peer 0x56ee4012dd20 (13 bytes)
1718817009.451494 sending message 112 to peer 0x56ee4012dd20 (13 bytes)
1718817009.451499 sending message 112 to peer 0x56ee4012dd20 (13 bytes)
1718817009.451505 sending message 112 to peer 0x56ee4012dd20 (13 bytes)
1718817009.451510 sending message 112 to peer 0x56ee4012dd20 (13 bytes)
1718817009.451516 sending message 112 to peer 0x56ee4012dd20 (13 bytes)
1718817009.451521 sending message 112 to peer 0x56ee4012dd20 (12 bytes)
1718817009.451527 sending message 112 to peer 0x56ee4012dd20 (10 bytes)
1718817009.451532 sending message 112 to peer 0x56ee4012dd20 (12 bytes)
1718817009.451538 sending message 112 to peer 0x56ee4012dd20 (12 bytes)
1718817009.451543 sending message 112 to peer 0x56ee4012dd20 (12 bytes)
1718817009.451549 sending message 112 to peer 0x56ee4012dd20 (13 bytes)
1718817009.451554 sending message 112 to peer 0x56ee4012dd20 (13 bytes)
1718817009.451560 sending message 112 to peer 0x56ee4012dd20 (13 bytes)
1718817009.451565 sending message 112 to peer 0x56ee4012dd20 (13 bytes)
1718817009.451571 sending message 112 to peer 0x56ee4012dd20 (13 bytes)
1718817009.451576 sending message 112 to peer 0x56ee4012dd20 (13 bytes)
1718817009.451581 sending message 112 to peer 0x56ee4012dd20 (13 bytes)
1718817009.451587 sending message 112 to peer 0x56ee4012dd20 (10 bytes)
1718817009.451592 sending message 112 to peer 0x56ee4012dd20 (13 bytes)
1718817009.451598 sending message 112 to peer 0x56ee4012dd20 (12 bytes)
1718817009.451603 sending message 112 to peer 0x56ee4012dd20 (12 bytes)
1718817009.451609 sending message 112 to peer 0x56ee4012dd20 (12 bytes)
1718817009.451614 sending message 112 to peer 0x56ee4012dd20 (10 bytes)
1718817009.451620 sending message 112 to peer 0x56ee4012dd20 (10 bytes)
1718817009.451625 sending message 112 to peer 0x56ee4012dd20 (10 bytes)
1718817009.451630 sending message 112 to peer 0x56ee4012dd20 (12 bytes)
1718817009.451636 sending message 112 to peer 0x56ee4012dd20 (13 bytes)
1718817009.451641 sending message 112 to peer 0x56ee4012dd20 (13 bytes)
1718817009.451647 sending message 112 to peer 0x56ee4012dd20 (13 bytes)
1718817009.451652 sending message 112 to peer 0x56ee4012dd20 (13 bytes)
1718817009.451658 sending message 112 to peer 0x56ee4012dd20 (13 bytes)
1718817009.451663 sending message 112 to peer 0x56ee4012dd20 (11 bytes)
1718817009.451669 sending message 112 to peer 0x56ee4012dd20 (11 bytes)
1718817009.451674 sending message 112 to peer 0x56ee4012dd20 (12 bytes)
1718817009.451680 sending message 112 to peer 0x56ee4012dd20 (12 bytes)
1718817009.451685 sending message 112 to peer 0x56ee4012dd20 (12 bytes)
1718817009.451690 sending message 112 to peer 0x56ee4012dd20 (12 bytes)
1718817009.451696 sending message 112 to peer 0x56ee4012dd20 (12 bytes)
1718817009.451701 sending message 112 to peer 0x56ee4012dd20 (11 bytes)
1718817009.451707 sending message 112 to peer 0x56ee4012dd20 (12 bytes)
1718817009.451712 sending message 112 to peer 0x56ee4012dd20 (12 bytes)
1718817009.451718 sending message 112 to peer 0x56ee4012dd20 (13 bytes)
1718817009.451723 sending message 112 to peer 0x56ee4012dd20 (13 bytes)
1718817009.451729 sending message 112 to peer 0x56ee4012dd20 (13 bytes)
1718817009.451734 sending message 112 to peer 0x56ee4012dd20 (13 bytes)
1718817009.451740 sending message 112 to peer 0x56ee4012dd20 (13 bytes)
1718817009.451745 sending message 112 to peer 0x56ee4012dd20 (10 bytes)
1718817009.451750 sending message 112 to peer 0x56ee4012dd20 (9 bytes)
1718817009.451756 sending message 112 to peer 0x56ee4012dd20 (12 bytes)
1718817009.451761 sending message 112 to peer 0x56ee4012dd20 (13 bytes)
1718817009.451767 sending message 112 to peer 0x56ee4012dd20 (13 bytes)
1718817009.451772 sending message 112 to peer 0x56ee4012dd20 (13 bytes)
1718817009.451778 sending message 112 to peer 0x56ee4012dd20 (13 bytes)
1718817009.451783 sending message 112 to peer 0x56ee4012dd20 (13 bytes)
1718817009.451796 sending message 112 to peer 0x56ee4012dd20 (9 bytes)
1718817009.451802 sending message 112 to peer 0x56ee4012dd20 (12 bytes)
1718817009.451807 sending message 112 to peer 0x56ee4012dd20 (13 bytes)
1718817009.451813 sending message 112 to peer 0x56ee4012dd20 (13 bytes)
1718817009.451818 sending message 112 to peer 0x56ee4012dd20 (13 bytes)
1718817009.451824 sending message 112 to peer 0x56ee4012dd20 (13 bytes)
1718817009.451829 sending message 112 to peer 0x56ee4012dd20 (13 bytes)
1718817009.451835 sending message 112 to peer 0x56ee4012dd20 (11 bytes)
1718817009.451840 sending message 112 to peer 0x56ee4012dd20 (12 bytes)
1718817009.451846 sending message 112 to peer 0x56ee4012dd20 (13 bytes)
1718817009.451851 sending message 112 to peer 0x56ee4012dd20 (13 bytes)
1718817009.451857 sending message 112 to peer 0x56ee4012dd20 (13 bytes)
1718817009.451862 sending message 112 to peer 0x56ee4012dd20 (13 bytes)
1718817009.451868 sending message 112 to peer 0x56ee4012dd20 (13 bytes)
1718817009.451873 sending message 112 to peer 0x56ee4012dd20 (11 bytes)
1718817009.451879 sending message 112 to peer 0x56ee4012dd20 (12 bytes)
1718817009.451884 sending message 112 to peer 0x56ee4012dd20 (12 bytes)
1718817009.451890 sending message 112 to peer 0x56ee4012dd20 (12 bytes)
1718817009.451895 sending message 112 to peer 0x56ee4012dd20 (12 bytes)
1718817009.451901 sending message 112 to peer 0x56ee4012dd20 (12 bytes)
1718817009.451907 sending message 112 to peer 0x56ee4012dd20 (21 bytes)
1718817009.451913 sending message 112 to peer 0x56ee4012dd20 (12 bytes)
1718817009.451918 sending message 112 to peer 0x56ee4012dd20 (9 bytes)
1718817009.451924 sending message 112 to peer 0x56ee4012dd20 (6 bytes)
1718817009.451929 sending message 112 to peer 0x56ee4012dd20 (13 bytes)
1718817009.451935 sending message 112 to peer 0x56ee4012dd20 (8 bytes)
1718817009.451941 sending message 112 to peer 0x56ee4012dd20 (15 bytes)
1718817009.451946 sending message 112 to peer 0x56ee4012dd20 (13 bytes)
1718817009.451952 sending message 112 to peer 0x56ee4012dd20 (9 bytes)
1718817009.451958 sending message 112 to peer 0x56ee4012dd20 (70 bytes)
1718817009.451963 sending message 112 to peer 0x56ee4012dd20 (69 bytes)
1718817009.451969 sending message 112 to peer 0x56ee4012dd20 (10 bytes)
1718817009.451975 sending message 112 to peer 0x56ee4012dd20 (10 bytes)
1718817009.451980 sending message 112 to peer 0x56ee4012dd20 (8 bytes)
1718817009.451986 sending message 112 to peer 0x56ee4012dd20 (15 bytes)
1718817009.451991 sending message 112 to peer 0x56ee4012dd20 (13 bytes)
1718817009.451998 sending message 112 to peer 0x56ee4012dd20 (10 bytes)
1718817009.452003 sending message 112 to peer 0x56ee4012dd20 (10 bytes)
1718817009.452009 sending message 112 to peer 0x56ee4012dd20 (17 bytes)
1718817009.452014 sending message 112 to peer 0x56ee4012dd20 (10 bytes)
1718817009.452020 sending message 112 to peer 0x56ee4012dd20 (13 bytes)
1718817009.452026 sending message 112 to peer 0x56ee4012dd20 (9 bytes)
1718817009.452031 sending message 112 to peer 0x56ee4012dd20 (5 bytes)
1718817009.452037 sending message 112 to peer 0x56ee4012dd20 (15 bytes)
1718817009.452044 sending message 104 to peer 0x56ee4012dd20 (0 bytes)
1718817009.452051 sending message 110 to peer 0x56ee4012dd20 (0 bytes)
1718817009.452057 sending message 107 to peer 0x56ee4012dd20 (4 bytes)
1718817009.452063 sending message 105 to peer 0x56ee4012dd20 (20 bytes)
1718817009.452068 sending message 105 to peer 0x56ee4012dd20 (54 bytes)
1718817009.452074 sending message 105 to peer 0x56ee4012dd20 (50 bytes)
1718817009.452080 sending message 105 to peer 0x56ee4012dd20 (25 bytes)
1718817009.452085 sending message 105 to peer 0x56ee4012dd20 (11 bytes)
1718817009.452091 sending message 105 to peer 0x56ee4012dd20 (12 bytes)
1718817009.452097 sending message 105 to peer 0x56ee4012dd20 (35 bytes)
1718817009.452102 sending message 105 to peer 0x56ee4012dd20 (64 bytes)
1718817009.452108 sending message 105 to peer 0x56ee4012dd20 (23 bytes)
1718817009.452114 sending message 105 to peer 0x56ee4012dd20 (19 bytes)
1718817009.452128 sending message 105 to peer 0x56ee4012dd20 (22 bytes)
1718817009.452134 sending message 105 to peer 0x56ee4012dd20 (90 bytes)
1718817009.452139 sending message 105 to peer 0x56ee4012dd20 (38 bytes)
1718817009.452145 sending message 105 to peer 0x56ee4012dd20 (17 bytes)
1718817009.452151 sending message 105 to peer 0x56ee4012dd20 (60 bytes)
1718817009.452156 sending message 105 to peer 0x56ee4012dd20 (18 bytes)
1718817009.452162 sending message 105 to peer 0x56ee4012dd20 (17 bytes)
1718817009.452168 sending message 105 to peer 0x56ee4012dd20 (8 bytes)
1718817009.452174 sending message 105 to peer 0x56ee4012dd20 (20 bytes)
1718817009.452179 sending message 105 to peer 0x56ee4012dd20 (32 bytes)
1718817009.452185 sending message 105 to peer 0x56ee4012dd20 (1905 bytes)
1718817009.452211 sending message 105 to peer 0x56ee4012dd20 (33 bytes)
1718817009.452217 sending message 105 to peer 0x56ee4012dd20 (15 bytes)
1718817009.452223 sending message 105 to peer 0x56ee4012dd20 (21 bytes)
1718817009.452228 sending message 105 to peer 0x56ee4012dd20 (38 bytes)
1718817009.452234 sending message 105 to peer 0x56ee4012dd20 (11 bytes)
1718817009.452240 sending message 105 to peer 0x56ee4012dd20 (50 bytes)
1718817009.452245 sending message 105 to peer 0x56ee4012dd20 (200 bytes)
1718817009.452251 sending message 105 to peer 0x56ee4012dd20 (35 bytes)
1718817009.452257 sending message 105 to peer 0x56ee4012dd20 (46 bytes)
1718817009.452262 sending message 105 to peer 0x56ee4012dd20 (59 bytes)
1718817009.452268 sending message 105 to peer 0x56ee4012dd20 (37 bytes)
1718817009.452273 sending message 105 to peer 0x56ee4012dd20 (25 bytes)
1718817009.452279 sending message 105 to peer 0x56ee4012dd20 (15 bytes)
1718817009.452285 sending message 105 to peer 0x56ee4012dd20 (8 bytes)
1718817009.452290 sending message 105 to peer 0x56ee4012dd20 (38 bytes)
1718817009.452296 sending message 105 to peer 0x56ee4012dd20 (19 bytes)
1718817009.452301 sending message 105 to peer 0x56ee4012dd20 (19 bytes)
1718817009.452307 sending message 105 to peer 0x56ee4012dd20 (33 bytes)
1718817009.452312 sending message 105 to peer 0x56ee4012dd20 (18 bytes)
1718817009.452318 sending message 105 to peer 0x56ee4012dd20 (25 bytes)
1718817009.452323 sending message 105 to peer 0x56ee4012dd20 (37 bytes)
1718817009.452329 sending message 105 to peer 0x56ee4012dd20 (39 bytes)
1718817009.452335 sending message 105 to peer 0x56ee4012dd20 (13 bytes)
1718817009.452340 sending message 105 to peer 0x56ee4012dd20 (17 bytes)
1718817009.452346 sending message 105 to peer 0x56ee4012dd20 (26 bytes)
1718817009.452352 sending message 105 to peer 0x56ee4012dd20 (16 bytes)
1718817009.452357 sending message 105 to peer 0x56ee4012dd20 (20 bytes)
1718817009.452362 sending message 105 to peer 0x56ee4012dd20 (29 bytes)
1718817009.452368 sending message 105 to peer 0x56ee4012dd20 (31 bytes)
1718817009.452373 sending message 105 to peer 0x56ee4012dd20 (15 bytes)
1718817009.452379 sending message 105 to peer 0x56ee4012dd20 (52 bytes)
1718817009.452385 sending message 105 to peer 0x56ee4012dd20 (23 bytes)
1718817009.452390 sending message 105 to peer 0x56ee4012dd20 (21 bytes)
1718817009.452395 sending message 105 to peer 0x56ee4012dd20 (18 bytes)
1718817009.452401 sending message 105 to peer 0x56ee4012dd20 (59 bytes)
1718817009.452407 sending message 105 to peer 0x56ee4012dd20 (25 bytes)
1718817009.452413 sending message 105 to peer 0x56ee4012dd20 (11 bytes)
1718817009.452418 sending message 105 to peer 0x56ee4012dd20 (16 bytes)
1718817009.452424 sending message 105 to peer 0x56ee4012dd20 (30 bytes)
1718817009.452429 sending message 106 to peer 0x56ee4012dd20 (0 bytes)
1718817009.452541 sending message 200 to peer 0x56ee4012dd20 (4 bytes)
1718817009.452546 client loop enter
1718817009.456819 peer 0x56ee4012dd20 message 303
1718817009.456841 open write file 2 -
1718817009.456858 sending message 305 to peer 0x56ee4012dd20 (8 bytes)
1718817009.456892 write check file 2
1718817009.457410 peer 0x56ee4012dd20 message 304
1718817009.457423 write 58 to file 2
1718817009.457430 peer 0x56ee4012dd20 message 203
1718817009.457450 file 2 58 bytes left
1718817009.457483 write check file 2
1718817009.457488 client loop exit
